 KOSTKY2 --- simulace obchodu

 S nepoøízenou ode¹lo 198 zákazníkù 

+----------------------------------------------------------+
| HISTOGRAM Èekací doby zákazníkù                          |
+----------------------------------------------------------+
| STATISTIC                                                |
+----------------------------------------------------------+
|  Min = 0.0166667               Max = 2.80491             |
|  Number of records = 599                                 |
|  Average value = 1.46698                                 |
|  Standard deviation = 0.811457                           |
+----------------------------------------------------------+
|    from    |     to     |     n    |   rel    |   sum    |
+------------+------------+----------+----------+----------+
|      0.000 |      0.150 |       21 | 0.035058 | 0.035058 |
|      0.150 |      0.300 |       19 | 0.031720 | 0.066778 |
|      0.300 |      0.450 |       17 | 0.028381 | 0.095159 |
|      0.450 |      0.600 |       57 | 0.095159 | 0.190317 |
|      0.600 |      0.750 |       55 | 0.091820 | 0.282137 |
|      0.750 |      0.900 |       20 | 0.033389 | 0.315526 |
|      0.900 |      1.050 |       24 | 0.040067 | 0.355593 |
|      1.050 |      1.200 |       32 | 0.053422 | 0.409015 |
|      1.200 |      1.350 |       32 | 0.053422 | 0.462437 |
|      1.350 |      1.500 |       39 | 0.065109 | 0.527546 |
|      1.500 |      1.650 |       20 | 0.033389 | 0.560935 |
|      1.650 |      1.800 |       45 | 0.075125 | 0.636060 |
|      1.800 |      1.950 |       23 | 0.038397 | 0.674457 |
|      1.950 |      2.100 |       23 | 0.038397 | 0.712855 |
|      2.100 |      2.250 |       24 | 0.040067 | 0.752922 |
|      2.250 |      2.400 |       29 | 0.048414 | 0.801336 |
|      2.400 |      2.550 |       43 | 0.071786 | 0.873122 |
|      2.550 |      2.700 |       44 | 0.073456 | 0.946578 |
|      2.700 |      2.850 |       32 | 0.053422 | 1.000000 |
|      2.850 |      3.000 |        0 | 0.000000 | 1.000000 |
+------------+------------+----------+----------+----------+

+----------------------------------------------------------+
| QUEUE Fronta zákazníkù                                   |
+----------------------------------------------------------+
|  Time interval = 8 - 18                                  |
|  Incoming  797                                           |
|  Outcoming  600                                          |
|  Current length = 197                                    |
|  Maximal length = 202                                    |
|  Average length = 115.42                                 |
|  Minimal time = 0                                        |
|  Maximal time = 2.78824                                  |
|  Average time = 1.45255                                  |
|  Standard deviation = 0.812618                           |
+----------------------------------------------------------+
#
# SIMLIB run-time statistics:
#    StartTime  = 8
#    EndTime    = 18
#    EventCount = 2796
#    StepCount  = 0
#
Ve skladu zbylo 401 kostek
