 KOSTKY --- simulace obchodu

 S nepoøízenou ode¹lo 199 zákazníkù 

+----------------------------------------------------------+
| FACILITY Prodejna                                        |
+----------------------------------------------------------+
|  Status = BUSY                                           |
|  Time interval = 8 - 18                                  |
|  Number of requests = 599                                |
|  Average utilization = 0.998194                          |
+----------------------------------------------------------+
  Input queue 'Prodejna.Q1'
+----------------------------------------------------------+
| QUEUE Q1                                                 |
+----------------------------------------------------------+
|  Time interval = 8 - 18                                  |
|  Incoming  795                                           |
|  Outcoming  597                                          |
|  Current length = 198                                    |
|  Maximal length = 202                                    |
|  Average length = 115.445                                |
|  Minimal time = 0.00570727                               |
|  Maximal time = 2.78963                                  |
|  Average time = 1.4556                                   |
|  Standard deviation = 0.80897                            |
+----------------------------------------------------------+

+----------------------------------------------------------+
| HISTOGRAM Èekací doby zákazníkù                          |
+----------------------------------------------------------+
| STATISTIC                                                |
+----------------------------------------------------------+
|  Min = 0.0166667               Max = 2.8063              |
|  Number of records = 598                                 |
|  Average value = 1.46518                                 |
|  Standard deviation = 0.810827                           |
+----------------------------------------------------------+
|    from    |     to     |     n    |   rel    |   sum    |
+------------+------------+----------+----------+----------+
|      0.000 |      0.150 |       21 | 0.035117 | 0.035117 |
|      0.150 |      0.300 |       19 | 0.031773 | 0.066890 |
|      0.300 |      0.450 |       17 | 0.028428 | 0.095318 |
|      0.450 |      0.600 |       57 | 0.095318 | 0.190635 |
|      0.600 |      0.750 |       55 | 0.091973 | 0.282609 |
|      0.750 |      0.900 |       20 | 0.033445 | 0.316054 |
|      0.900 |      1.050 |       24 | 0.040134 | 0.356187 |
|      1.050 |      1.200 |       32 | 0.053512 | 0.409699 |
|      1.200 |      1.350 |       32 | 0.053512 | 0.463211 |
|      1.350 |      1.500 |       39 | 0.065217 | 0.528428 |
|      1.500 |      1.650 |       20 | 0.033445 | 0.561873 |
|      1.650 |      1.800 |       45 | 0.075251 | 0.637124 |
|      1.800 |      1.950 |       23 | 0.038462 | 0.675585 |
|      1.950 |      2.100 |       23 | 0.038462 | 0.714047 |
|      2.100 |      2.250 |       23 | 0.038462 | 0.752508 |
|      2.250 |      2.400 |       29 | 0.048495 | 0.801003 |
|      2.400 |      2.550 |       44 | 0.073579 | 0.874582 |
|      2.550 |      2.700 |       44 | 0.073579 | 0.948161 |
|      2.700 |      2.850 |       31 | 0.051839 | 1.000000 |
|      2.850 |      3.000 |        0 | 0.000000 | 1.000000 |
+------------+------------+----------+----------+----------+

#
# SIMLIB run-time statistics:
#    StartTime  = 8
#    EndTime    = 18
#    EventCount = 2791
#    StepCount  = 0
#
