 MODEL3 - test SIMLIB
+----------------------------------------------------------+
| STORE Linka                                              |
+----------------------------------------------------------+
|  Capacity = 5  (1 used, 4 free)                          |
|  Time interval = 0 - 1000                                |
|  Number of Enter operations = 147                        |
|  Minimal used capacity = 0                               |
|  Maximal used capacity = 5                               |
|  Average used capacity = 3.06332                         |
+----------------------------------------------------------+
  Input queue 'Linka.Q'
+----------------------------------------------------------+
| QUEUE Q                                                  |
+----------------------------------------------------------+
|  Time interval = 0 - 1000                                |
|  Incoming  73                                            |
|  Outcoming  73                                           |
|  Current length = 0                                      |
|  Maximal length = 5                                      |
|  Average length = 0.655186                               |
|  Minimal time = 0.28472                                  |
|  Maximal time = 34.9219                                  |
|  Average time = 8.97516                                  |
+----------------------------------------------------------+

+----------------------------------------------------------+
| HISTOGRAM Tabulka                                        |
+----------------------------------------------------------+
| STATISTIC                                                |
+----------------------------------------------------------+
|  Min = 10                      Max = 44.9219             |
|  Number of records = 146                                 |
|  Average value = 14.4876                                 |
|  Standard deviation = 6.99902                            |
+----------------------------------------------------------+
|    from    |     to     |     n    |   rel    |   sum    |
+------------+------------+----------+----------+----------+
|      0.000 |      5.000 |        0 | 0.000000 | 0.000000 |
|      5.000 |     10.000 |        0 | 0.000000 | 0.000000 |
|     10.000 |     15.000 |      103 | 0.705479 | 0.705479 |
|     15.000 |     20.000 |       20 | 0.136986 | 0.842466 |
|     20.000 |     25.000 |       11 | 0.075342 | 0.917808 |
|     25.000 |     30.000 |        4 | 0.027397 | 0.945205 |
|     30.000 |     35.000 |        4 | 0.027397 | 0.972603 |
|     35.000 |     40.000 |        3 | 0.020548 | 0.993151 |
|     40.000 |     45.000 |        1 | 0.006849 | 1.000000 |
|     45.000 |     50.000 |        0 | 0.000000 | 1.000000 |
|     50.000 |     55.000 |        0 | 0.000000 | 1.000000 |
|     55.000 |     60.000 |        0 | 0.000000 | 1.000000 |
|     60.000 |     65.000 |        0 | 0.000000 | 1.000000 |
|     65.000 |     70.000 |        0 | 0.000000 | 1.000000 |
|     70.000 |     75.000 |        0 | 0.000000 | 1.000000 |
|     75.000 |     80.000 |        0 | 0.000000 | 1.000000 |
|     80.000 |     85.000 |        0 | 0.000000 | 1.000000 |
|     85.000 |     90.000 |        0 | 0.000000 | 1.000000 |
|     90.000 |     95.000 |        0 | 0.000000 | 1.000000 |
|     95.000 |    100.000 |        0 | 0.000000 | 1.000000 |
+------------+------------+----------+----------+----------+

#
# SIMLIB run-time statistics:
#    StartTime  = 0
#    EndTime    = 1000
#    EventCount = 513
#    StepCount  = 0
#
