 POCSIT --- model poèítaèové sítì
+----------------------------------------------------------+
| FACILITY Procesor                                        |
+----------------------------------------------------------+
|  Status = BUSY                                           |
|  Time interval = 0 - 36000                               |
|  Number of requests = 8876                               |
|  Average utilization = 0.367845                          |
+----------------------------------------------------------+
  Input queue 'Procesor.Q1'
+----------------------------------------------------------+
| QUEUE Q1                                                 |
+----------------------------------------------------------+
|  Time interval = 0 - 36000                               |
|  Incoming  4014                                          |
|  Outcoming  1822                                         |
|  Current length = 2192                                   |
|  Maximal length = 2192                                   |
|  Average length = 226.298                                |
|  Minimal time = 0.000165119                              |
|  Maximal time = 7.46899                                  |
|  Average time = 0.490101                                 |
|  Standard deviation = 0.557543                           |
+----------------------------------------------------------+

+----------------------------------------------------------+
| FACILITY Sbìrnice                                        |
+----------------------------------------------------------+
|  Status = BUSY                                           |
|  Time interval = 0 - 36000                               |
|  Number of requests = 9119                               |
|  Average utilization = 0.374073                          |
+----------------------------------------------------------+
  Input queue 'Sbìrnice.Q1'
+----------------------------------------------------------+
| QUEUE Q1                                                 |
+----------------------------------------------------------+
|  Time interval = 0 - 36000                               |
|  Incoming  92                                            |
|  Outcoming  91                                           |
|  Current length = 1                                      |
|  Maximal length = 1                                      |
|  Average length = 0.201812                               |
|  Minimal time = 0.0269615                                |
|  Maximal time = 7.78083                                  |
|  Average time = 1.76952                                  |
+----------------------------------------------------------+
  Interrupted services queue 'Sbìrnice.Q2'
+----------------------------------------------------------+
| QUEUE Q2                                                 |
+----------------------------------------------------------+
|  Time interval = 0 - 36000                               |
|  Incoming  25                                            |
|  Outcoming  25                                           |
|  Current length = 0                                      |
|  Maximal length = 1                                      |
|  Average length = 0.000173299                            |
|  Minimal time = 0.0879167                                |
|  Maximal time = 0.4                                      |
|  Average time = 0.24955                                  |
+----------------------------------------------------------+

+----------------------------------------------------------+
| FACILITY DMA                                             |
+----------------------------------------------------------+
|  Status = BUSY                                           |
|  Time interval = 0 - 36000                               |
|  Number of requests = 244                                |
|  Average utilization = 0.208213                          |
+----------------------------------------------------------+
  Input queue 'DMA.Q1'
+----------------------------------------------------------+
| QUEUE Q1                                                 |
+----------------------------------------------------------+
|  Time interval = 0 - 36000                               |
|  Incoming  48                                            |
|  Outcoming  4                                            |
|  Current length = 44                                     |
|  Maximal length = 44                                     |
|  Average length = 4.8335                                 |
|  Minimal time = 0.0944253                                |
|  Maximal time = 3.37516                                  |
|  Average time = 1.01353                                  |
+----------------------------------------------------------+

+----------------------------------------------------------+
| STORE Pamì»                                              |
+----------------------------------------------------------+
|  Capacity = 24576  (24500 used, 76 free)                 |
|  Time interval = 0 - 36000                               |
|  Number of Enter operations = 8875                       |
|  Minimal used capacity = 0                               |
|  Maximal used capacity = 24500                           |
|  Average used capacity = 9272.12                         |
+----------------------------------------------------------+
  Input queue 'Pamì».Q'
+----------------------------------------------------------+
| QUEUE Q                                                  |
+----------------------------------------------------------+
|  Time interval = 0 - 36000                               |
|  Incoming  1                                             |
|  Outcoming  0                                            |
|  Current length = 1                                      |
|  Maximal length = 1                                      |
|  Average length = 0.20094                                |
+----------------------------------------------------------+

+----------------------------------------------------------+
| HISTOGRAM Doba obsluhy po¾adavkù z pokladny              |
+----------------------------------------------------------+
| STATISTIC                                                |
+----------------------------------------------------------+
|  Min = 0.666667                Max = 8.4475              |
|  Number of records = 8775                                |
|  Average value = 0.784339                                |
|  Standard deviation = 0.409983                           |
+----------------------------------------------------------+
|    from    |     to     |     n    |   rel    |   sum    |
+------------+------------+----------+----------+----------+
|      0.000 |      1.000 |     7660 | 0.872934 | 0.872934 |
|      1.000 |      2.000 |     1017 | 0.115897 | 0.988832 |
|      2.000 |      3.000 |       40 | 0.004558 | 0.993390 |
|      3.000 |      4.000 |       25 | 0.002849 | 0.996239 |
|      4.000 |      5.000 |       17 | 0.001937 | 0.998177 |
|      5.000 |      6.000 |        7 | 0.000798 | 0.998974 |
|      6.000 |      7.000 |        3 | 0.000342 | 0.999316 |
|      7.000 |      8.000 |        4 | 0.000456 | 0.999772 |
|      8.000 |      9.000 |        2 | 0.000228 | 1.000000 |
|      9.000 |     10.000 |        0 | 0.000000 | 1.000000 |
+------------+------------+----------+----------+----------+

+----------------------------------------------------------+
| HISTOGRAM Doba obsluhy po¾adavkù z terminálu             |
+----------------------------------------------------------+
| STATISTIC                                                |
+----------------------------------------------------------+
|  Min = 2.97744                 Max = 24.6525             |
|  Number of records = 50                                  |
|  Average value = 14.0531                                 |
+----------------------------------------------------------+
|    from    |     to     |     n    |   rel    |   sum    |
+------------+------------+----------+----------+----------+
|      0.000 |      5.000 |        1 | 0.020000 | 0.020000 |
|      5.000 |     10.000 |       13 | 0.260000 | 0.280000 |
|     10.000 |     15.000 |       11 | 0.220000 | 0.500000 |
|     15.000 |     20.000 |       18 | 0.360000 | 0.860000 |
|     20.000 |     25.000 |        7 | 0.140000 | 1.000000 |
|     25.000 |     30.000 |        0 | 0.000000 | 1.000000 |
|     30.000 |     35.000 |        0 | 0.000000 | 1.000000 |
|     35.000 |     40.000 |        0 | 0.000000 | 1.000000 |
|     40.000 |     45.000 |        0 | 0.000000 | 1.000000 |
|     45.000 |     50.000 |        0 | 0.000000 | 1.000000 |
+------------+------------+----------+----------+----------+

#
# SIMLIB run-time statistics:
#    StartTime  = 0
#    EndTime    = 36000
#    EventCount = 33547
#    StepCount  = 0
#
