Model telefonování pøes centrálu
+----------------------------------------------------------+
| STORE Centrála                                           |
+----------------------------------------------------------+
|  Capacity = 6  (6 used, 0 free)                          |
|  Time interval = 0 - 480                                 |
|  Number of Enter operations = 315                        |
|  Minimal used capacity = 0                               |
|  Maximal used capacity = 6                               |
|  Average used capacity = 5.21445                         |
+----------------------------------------------------------+
  Input queue 'Centrála.Q'
+----------------------------------------------------------+
| QUEUE Q                                                  |
+----------------------------------------------------------+
|  Time interval = 0 - 480                                 |
|  Incoming  227                                           |
|  Outcoming  224                                          |
|  Current length = 3                                      |
|  Maximal length = 25                                     |
|  Average length = 7.89995                                |
|  Minimal time = 0.0216358                                |
|  Maximal time = 46.6259                                  |
|  Average time = 16.8989                                  |
|  Standard deviation = 11.9714                            |
+----------------------------------------------------------+

+----------------------------------------------------------+
| HISTOGRAM Èekaní na spojení: vnitøní po¾adavky           |
+----------------------------------------------------------+
| STATISTIC                                                |
+----------------------------------------------------------+
|  Min = 0                       Max = 57.8108             |
|  Number of records = 967                                 |
|  Average value = 0.656574                                |
|  Standard deviation = 3.98951                            |
+----------------------------------------------------------+
|    from    |     to     |     n    |   rel    |   sum    |
+------------+------------+----------+----------+----------+
|      0.000 |      0.100 |      875 | 0.904860 | 0.904860 |
|      0.100 |      0.200 |        1 | 0.001034 | 0.905895 |
|      0.200 |      0.300 |        4 | 0.004137 | 0.910031 |
|      0.300 |      0.400 |        4 | 0.004137 | 0.914168 |
|      0.400 |      0.500 |        1 | 0.001034 | 0.915202 |
|      0.500 |      0.600 |        2 | 0.002068 | 0.917270 |
|      0.600 |      0.700 |        1 | 0.001034 | 0.918304 |
|      0.700 |      0.800 |        1 | 0.001034 | 0.919338 |
|      0.800 |      0.900 |        2 | 0.002068 | 0.921406 |
|      0.900 |      1.000 |        0 | 0.000000 | 0.921406 |
|      1.000 |      1.100 |        2 | 0.002068 | 0.923475 |
|      1.100 |      1.200 |        1 | 0.001034 | 0.924509 |
|      1.200 |      1.300 |        3 | 0.003102 | 0.927611 |
|      1.300 |      1.400 |        1 | 0.001034 | 0.928645 |
|      1.400 |      1.500 |        1 | 0.001034 | 0.929679 |
|      1.500 |      1.600 |        0 | 0.000000 | 0.929679 |
|      1.600 |      1.700 |        2 | 0.002068 | 0.931748 |
|      1.700 |      1.800 |        1 | 0.001034 | 0.932782 |
|      1.800 |      1.900 |        1 | 0.001034 | 0.933816 |
|      1.900 |      2.000 |        2 | 0.002068 | 0.935884 |
+------------+------------+----------+----------+----------+

+----------------------------------------------------------+
| HISTOGRAM Èekaní na spojení: vnìj¹í po¾adavky            |
+----------------------------------------------------------+
| STATISTIC                                                |
+----------------------------------------------------------+
|  Min = 0                       Max = 20.5352             |
|  Number of records = 256                                 |
|  Average value = 0.376528                                |
|  Standard deviation = 2.19895                            |
+----------------------------------------------------------+
|    from    |     to     |     n    |   rel    |   sum    |
+------------+------------+----------+----------+----------+
|      0.000 |      0.100 |      241 | 0.941406 | 0.941406 |
|      0.100 |      0.200 |        0 | 0.000000 | 0.941406 |
|      0.200 |      0.300 |        0 | 0.000000 | 0.941406 |
|      0.300 |      0.400 |        0 | 0.000000 | 0.941406 |
|      0.400 |      0.500 |        1 | 0.003906 | 0.945312 |
|      0.500 |      0.600 |        0 | 0.000000 | 0.945312 |
|      0.600 |      0.700 |        0 | 0.000000 | 0.945312 |
|      0.700 |      0.800 |        0 | 0.000000 | 0.945312 |
|      0.800 |      0.900 |        0 | 0.000000 | 0.945312 |
|      0.900 |      1.000 |        0 | 0.000000 | 0.945312 |
|      1.000 |      1.100 |        0 | 0.000000 | 0.945312 |
|      1.100 |      1.200 |        0 | 0.000000 | 0.945312 |
|      1.200 |      1.300 |        0 | 0.000000 | 0.945312 |
|      1.300 |      1.400 |        0 | 0.000000 | 0.945312 |
|      1.400 |      1.500 |        0 | 0.000000 | 0.945312 |
|      1.500 |      1.600 |        0 | 0.000000 | 0.945312 |
|      1.600 |      1.700 |        1 | 0.003906 | 0.949219 |
|      1.700 |      1.800 |        1 | 0.003906 | 0.953125 |
|      1.800 |      1.900 |        0 | 0.000000 | 0.953125 |
|      1.900 |      2.000 |        1 | 0.003906 | 0.957031 |
+------------+------------+----------+----------+----------+

#
# SIMLIB run-time statistics:
#    StartTime  = 0
#    EndTime    = 480
#    EventCount = 4172
#    StepCount  = 0
#
