 MODEL4 - test SIMLIB
+----------------------------------------------------------+
| FACILITY Box[0]                                          |
+----------------------------------------------------------+
|  Status = BUSY                                           |
|  Time interval = 0 - 1000                                |
|  Number of requests = 83                                 |
|  Average utilization = 0.821869                          |
+----------------------------------------------------------+
  External input queue 'Èekající zákazníci'

+----------------------------------------------------------+
| FACILITY Box[1]                                          |
+----------------------------------------------------------+
|  Status = BUSY                                           |
|  Time interval = 0 - 1000                                |
|  Number of requests = 72                                 |
|  Average utilization = 0.713976                          |
+----------------------------------------------------------+
  External input queue 'Èekající zákazníci'

+----------------------------------------------------------+
| QUEUE Èekající zákazníci                                 |
+----------------------------------------------------------+
|  Time interval = 0 - 1000                                |
|  Incoming  101                                           |
|  Outcoming  101                                          |
|  Current length = 0                                      |
|  Maximal length = 9                                      |
|  Average length = 1.73267                                |
|  Minimal time = 0.0257144                                |
|  Maximal time = 43.8243                                  |
|  Average time = 17.1551                                  |
|  Standard deviation = 12.6749                            |
+----------------------------------------------------------+
+----------------------------------------------------------+
| HISTOGRAM Tabulka                                        |
+----------------------------------------------------------+
| STATISTIC                                                |
+----------------------------------------------------------+
|  Min = 10                      Max = 53.8243             |
|  Number of records = 153                                 |
|  Average value = 21.3171                                 |
|  Standard deviation = 13.127                             |
+----------------------------------------------------------+
|    from    |     to     |     n    |   rel    |   sum    |
+------------+------------+----------+----------+----------+
|      0.000 |      5.000 |        0 | 0.000000 | 0.000000 |
|      5.000 |     10.000 |        0 | 0.000000 | 0.000000 |
|     10.000 |     15.000 |       76 | 0.496732 | 0.496732 |
|     15.000 |     20.000 |       14 | 0.091503 | 0.588235 |
|     20.000 |     25.000 |       15 | 0.098039 | 0.686275 |
|     25.000 |     30.000 |        8 | 0.052288 | 0.738562 |
|     30.000 |     35.000 |       11 | 0.071895 | 0.810458 |
|     35.000 |     40.000 |        6 | 0.039216 | 0.849673 |
|     40.000 |     45.000 |        9 | 0.058824 | 0.908497 |
|     45.000 |     50.000 |       12 | 0.078431 | 0.986928 |
|     50.000 |     55.000 |        2 | 0.013072 | 1.000000 |
|     55.000 |     60.000 |        0 | 0.000000 | 1.000000 |
|     60.000 |     65.000 |        0 | 0.000000 | 1.000000 |
|     65.000 |     70.000 |        0 | 0.000000 | 1.000000 |
|     70.000 |     75.000 |        0 | 0.000000 | 1.000000 |
|     75.000 |     80.000 |        0 | 0.000000 | 1.000000 |
|     80.000 |     85.000 |        0 | 0.000000 | 1.000000 |
|     85.000 |     90.000 |        0 | 0.000000 | 1.000000 |
|     90.000 |     95.000 |        0 | 0.000000 | 1.000000 |
|     95.000 |    100.000 |        0 | 0.000000 | 1.000000 |
+------------+------------+----------+----------+----------+

#
# SIMLIB run-time statistics:
#    StartTime  = 0
#    EndTime    = 1000
#    EventCount = 564
#    StepCount  = 0
#
