 MODEL5 - test SIMLIB
+----------------------------------------------------------+
| FACILITY Box[0]                                          |
+----------------------------------------------------------+
|  Status = BUSY                                           |
|  Time interval = 0 - 1000                                |
|  Number of requests = 67                                 |
|  Average utilization = 0.665391                          |
+----------------------------------------------------------+

+----------------------------------------------------------+
| FACILITY Box[1]                                          |
+----------------------------------------------------------+
|  Status = BUSY                                           |
|  Time interval = 0 - 1000                                |
|  Number of requests = 78                                 |
|  Average utilization = 0.777918                          |
+----------------------------------------------------------+

+----------------------------------------------------------+
| QUEUE Vstupní                                            |
+----------------------------------------------------------+
|  Time interval = 0 - 1000                                |
|  Incoming  108                                           |
|  Outcoming  106                                          |
|  Current length = 2                                      |
|  Maximal length = 8                                      |
|  Average length = 1.68215                                |
|  Minimal time = 0.34319                                  |
|  Maximal time = 64.5012                                  |
|  Average time = 15.6926                                  |
|  Standard deviation = 14.0021                            |
+----------------------------------------------------------+
+----------------------------------------------------------+
| HISTOGRAM Tabulka                                        |
+----------------------------------------------------------+
| STATISTIC                                                |
+----------------------------------------------------------+
|  Min = 10                      Max = 74.5012             |
|  Number of records = 143                                 |
|  Average value = 21.4812                                 |
|  Standard deviation = 13.9431                            |
+----------------------------------------------------------+
|    from    |     to     |     n    |   rel    |   sum    |
+------------+------------+----------+----------+----------+
|      0.000 |      5.000 |        0 | 0.000000 | 0.000000 |
|      5.000 |     10.000 |        0 | 0.000000 | 0.000000 |
|     10.000 |     15.000 |       61 | 0.426573 | 0.426573 |
|     15.000 |     20.000 |       27 | 0.188811 | 0.615385 |
|     20.000 |     25.000 |       15 | 0.104895 | 0.720280 |
|     25.000 |     30.000 |       16 | 0.111888 | 0.832168 |
|     30.000 |     35.000 |        8 | 0.055944 | 0.888112 |
|     35.000 |     40.000 |        3 | 0.020979 | 0.909091 |
|     40.000 |     45.000 |        2 | 0.013986 | 0.923077 |
|     45.000 |     50.000 |        2 | 0.013986 | 0.937063 |
|     50.000 |     55.000 |        1 | 0.006993 | 0.944056 |
|     55.000 |     60.000 |        3 | 0.020979 | 0.965035 |
|     60.000 |     65.000 |        1 | 0.006993 | 0.972028 |
|     65.000 |     70.000 |        3 | 0.020979 | 0.993007 |
|     70.000 |     75.000 |        1 | 0.006993 | 1.000000 |
|     75.000 |     80.000 |        0 | 0.000000 | 1.000000 |
|     80.000 |     85.000 |        0 | 0.000000 | 1.000000 |
|     85.000 |     90.000 |        0 | 0.000000 | 1.000000 |
|     90.000 |     95.000 |        0 | 0.000000 | 1.000000 |
|     95.000 |    100.000 |        0 | 0.000000 | 1.000000 |
+------------+------------+----------+----------+----------+

#
# SIMLIB run-time statistics:
#    StartTime  = 0
#    EndTime    = 1000
#    EventCount = 543
#    StepCount  = 0
#
